app/build/intermediates/manifest_merge_blame_file/debug/manifest-merger-blame-debug-report.txt
1<?xml version="1.0" encoding="utf-8"?>
2<manifest xmlns:android="http://schemas.android.com/apk/res/android"
3    package="com.glass.companion"
4    android:versionCode="1"
5    android:versionName="1.0" >
6
7    <uses-sdk
8        android:minSdkVersion="19"
9        android:targetSdkVersion="27" />
10
11    <!-- BLE permissions (API 18+; location required for BLE scan on API 19-22) -->
12    <uses-permission android:name="android.permission.BLUETOOTH" />
12-->src/main/AndroidManifest.xml:5:5-68
12-->src/main/AndroidManifest.xml:5:22-65
13    <uses-permission android:name="android.permission.BLUETOOTH_ADMIN" />
13-->src/main/AndroidManifest.xml:6:5-74
13-->src/main/AndroidManifest.xml:6:22-71
14    <uses-permission android:name="android.permission.ACCESS_FINE_LOCATION" />
14-->src/main/AndroidManifest.xml:7:5-79
14-->src/main/AndroidManifest.xml:7:22-76
15    <uses-permission android:name="android.permission.ACCESS_COARSE_LOCATION" />
15-->src/main/AndroidManifest.xml:8:5-81
15-->src/main/AndroidManifest.xml:8:22-78
16
17    <!-- Network / WiFi server -->
18    <uses-permission android:name="android.permission.INTERNET" />
18-->src/main/AndroidManifest.xml:11:5-67
18-->src/main/AndroidManifest.xml:11:22-64
19    <uses-permission android:name="android.permission.ACCESS_WIFI_STATE" />
19-->src/main/AndroidManifest.xml:12:5-76
19-->src/main/AndroidManifest.xml:12:22-73
20    <uses-permission android:name="android.permission.CHANGE_WIFI_STATE" />
20-->src/main/AndroidManifest.xml:13:5-76
20-->src/main/AndroidManifest.xml:13:22-73
21    <uses-permission android:name="android.permission.ACCESS_NETWORK_STATE" />
21-->src/main/AndroidManifest.xml:14:5-79
21-->src/main/AndroidManifest.xml:14:22-76
22
23    <!-- Camera -->
24    <uses-permission android:name="android.permission.CAMERA" />
24-->src/main/AndroidManifest.xml:17:5-65
24-->src/main/AndroidManifest.xml:17:22-62
25
26    <!-- Storage for photos -->
27    <uses-permission
27-->src/main/AndroidManifest.xml:20:5-21:38
28        android:name="android.permission.WRITE_EXTERNAL_STORAGE"
28-->src/main/AndroidManifest.xml:20:22-78
29        android:maxSdkVersion="28" />
29-->src/main/AndroidManifest.xml:21:9-35
30    <uses-permission
30-->src/main/AndroidManifest.xml:22:5-23:38
31        android:name="android.permission.READ_EXTERNAL_STORAGE"
31-->src/main/AndroidManifest.xml:22:22-77
32        android:maxSdkVersion="32" />
32-->src/main/AndroidManifest.xml:23:9-35
33
34    <!-- Service / system -->
35    <uses-permission android:name="android.permission.RECEIVE_BOOT_COMPLETED" />
35-->src/main/AndroidManifest.xml:26:5-81
35-->src/main/AndroidManifest.xml:26:22-78
36    <uses-permission android:name="android.permission.FOREGROUND_SERVICE" />
36-->src/main/AndroidManifest.xml:27:5-77
36-->src/main/AndroidManifest.xml:27:22-74
37    <uses-permission android:name="android.permission.VIBRATE" />
37-->src/main/AndroidManifest.xml:28:5-66
37-->src/main/AndroidManifest.xml:28:22-63
38    <uses-permission android:name="android.permission.WAKE_LOCK" />
38-->src/main/AndroidManifest.xml:29:5-68
38-->src/main/AndroidManifest.xml:29:22-65
39    <uses-permission android:name="android.permission.RECORD_AUDIO" />
39-->src/main/AndroidManifest.xml:30:5-71
39-->src/main/AndroidManifest.xml:30:22-68
40
41    <uses-feature
41-->src/main/AndroidManifest.xml:32:5-90
42        android:name="android.hardware.bluetooth_le"
42-->src/main/AndroidManifest.xml:32:19-63
43        android:required="true" />
43-->src/main/AndroidManifest.xml:32:64-87
44    <uses-feature
44-->src/main/AndroidManifest.xml:33:5-85
45        android:name="android.hardware.camera"
45-->src/main/AndroidManifest.xml:33:19-57
46        android:required="false" />
46-->src/main/AndroidManifest.xml:33:58-82
47    <uses-feature
47-->src/main/AndroidManifest.xml:34:5-89
48        android:name="android.hardware.microphone"
48-->src/main/AndroidManifest.xml:34:19-61
49        android:required="false" />
49-->src/main/AndroidManifest.xml:34:62-86
50
51    <permission
51-->[androidx.core:core:1.9.0] AndroidManifest.xml:22:5-24:47
52        android:name="com.glass.companion.DYNAMIC_RECEIVER_NOT_EXPORTED_PERMISSION"
52-->[androidx.core:core:1.9.0] AndroidManifest.xml:23:9-81
53        android:protectionLevel="signature" />
53-->[androidx.core:core:1.9.0] AndroidManifest.xml:24:9-44
54
55    <uses-permission android:name="com.glass.companion.DYNAMIC_RECEIVER_NOT_EXPORTED_PERMISSION" />
55-->[androidx.core:core:1.9.0] AndroidManifest.xml:26:5-97
55-->[androidx.core:core:1.9.0] AndroidManifest.xml:26:22-94
56
57    <application
57-->src/main/AndroidManifest.xml:36:5-97:19
58        android:name="com.glass.companion.GlassApp"
58-->src/main/AndroidManifest.xml:37:9-33
59        android:allowBackup="false"
59-->src/main/AndroidManifest.xml:38:9-36
60        android:appComponentFactory="androidx.core.app.CoreComponentFactory"
60-->[androidx.core:core:1.9.0] AndroidManifest.xml:28:18-86
61        android:debuggable="true"
62        android:extractNativeLibs="true"
63        android:icon="@mipmap/ic_launcher"
63-->src/main/AndroidManifest.xml:39:9-43
64        android:label="@string/app_name"
64-->src/main/AndroidManifest.xml:40:9-41
65        android:theme="@style/Theme.GlassCompanion" >
65-->src/main/AndroidManifest.xml:41:9-52
66
67        <!-- Home/launcher activity - replaces Glass OS home screen -->
68        <activity
68-->src/main/AndroidManifest.xml:44:9-55:20
69            android:name="com.glass.companion.MainActivity"
69-->src/main/AndroidManifest.xml:45:13-41
70            android:exported="true"
70-->src/main/AndroidManifest.xml:46:13-36
71            android:launchMode="singleTask"
71-->src/main/AndroidManifest.xml:47:13-44
72            android:screenOrientation="landscape" >
72-->src/main/AndroidManifest.xml:48:13-50
73            <intent-filter>
73-->src/main/AndroidManifest.xml:49:13-54:29
74                <action android:name="android.intent.action.MAIN" />
74-->src/main/AndroidManifest.xml:50:17-69
74-->src/main/AndroidManifest.xml:50:25-66
75
76                <category android:name="android.intent.category.LAUNCHER" />
76-->src/main/AndroidManifest.xml:51:17-77
76-->src/main/AndroidManifest.xml:51:27-74
77                <category android:name="android.intent.category.HOME" />
77-->src/main/AndroidManifest.xml:52:17-73
77-->src/main/AndroidManifest.xml:52:27-70
78                <category android:name="android.intent.category.DEFAULT" />
78-->src/main/AndroidManifest.xml:53:17-76
78-->src/main/AndroidManifest.xml:53:27-73
79            </intent-filter>
80        </activity>
81        <activity
81-->src/main/AndroidManifest.xml:57:9-60:53
82            android:name="com.glass.companion.CameraActivity"
82-->src/main/AndroidManifest.xml:58:13-43
83            android:exported="false"
83-->src/main/AndroidManifest.xml:59:13-37
84            android:screenOrientation="landscape" />
84-->src/main/AndroidManifest.xml:60:13-50
85        <activity
85-->src/main/AndroidManifest.xml:62:9-66:67
86            android:name="com.glass.companion.NotificationActivity"
86-->src/main/AndroidManifest.xml:63:13-49
87            android:exported="false"
87-->src/main/AndroidManifest.xml:64:13-37
88            android:screenOrientation="landscape"
88-->src/main/AndroidManifest.xml:65:13-50
89            android:theme="@style/Theme.GlassCompanion.Overlay" />
89-->src/main/AndroidManifest.xml:66:13-64
90        <activity
90-->src/main/AndroidManifest.xml:68:9-71:53
91            android:name="com.glass.companion.AiActivity"
91-->src/main/AndroidManifest.xml:69:13-39
92            android:exported="false"
92-->src/main/AndroidManifest.xml:70:13-37
93            android:screenOrientation="landscape" />
93-->src/main/AndroidManifest.xml:71:13-50
94        <activity
94-->src/main/AndroidManifest.xml:73:9-76:53
95            android:name="com.glass.companion.GalleryActivity"
95-->src/main/AndroidManifest.xml:74:13-44
96            android:exported="false"
96-->src/main/AndroidManifest.xml:75:13-37
97            android:screenOrientation="landscape" />
97-->src/main/AndroidManifest.xml:76:13-50
98        <activity
98-->src/main/AndroidManifest.xml:78:9-81:53
99            android:name="com.glass.companion.WifiSetupActivity"
99-->src/main/AndroidManifest.xml:79:13-46
100            android:exported="true"
100-->src/main/AndroidManifest.xml:80:13-36
101            android:screenOrientation="landscape" />
101-->src/main/AndroidManifest.xml:81:13-50
102
103        <!-- Background service: manages BLE connection + WiFi server -->
104        <service
104-->src/main/AndroidManifest.xml:84:9-86:40
105            android:name="com.glass.companion.service.GlassService"
105-->src/main/AndroidManifest.xml:85:13-49
106            android:exported="false" />
106-->src/main/AndroidManifest.xml:86:13-37
107
108        <!-- Auto-start on boot -->
109        <receiver
109-->src/main/AndroidManifest.xml:89:9-95:20
110            android:name="com.glass.companion.BootReceiver"
110-->src/main/AndroidManifest.xml:90:13-41
111            android:exported="true" >
111-->src/main/AndroidManifest.xml:91:13-36
112            <intent-filter>
112-->src/main/AndroidManifest.xml:92:13-94:29
113                <action android:name="android.intent.action.BOOT_COMPLETED" />
113-->src/main/AndroidManifest.xml:93:17-79
113-->src/main/AndroidManifest.xml:93:25-76
114            </intent-filter>
115        </receiver>
116
117        <provider
117-->[androidx.emoji2:emoji2:1.2.0] AndroidManifest.xml:24:9-32:20
118            android:name="androidx.startup.InitializationProvider"
118-->[androidx.emoji2:emoji2:1.2.0] AndroidManifest.xml:25:13-67
119            android:authorities="com.glass.companion.androidx-startup"
119-->[androidx.emoji2:emoji2:1.2.0] AndroidManifest.xml:26:13-68
120            android:exported="false" >
120-->[androidx.emoji2:emoji2:1.2.0] AndroidManifest.xml:27:13-37
121            <meta-data
121-->[androidx.emoji2:emoji2:1.2.0] AndroidManifest.xml:29:13-31:52
122                android:name="androidx.emoji2.text.EmojiCompatInitializer"
122-->[androidx.emoji2:emoji2:1.2.0] AndroidManifest.xml:30:17-75
123                android:value="androidx.startup" />
123-->[androidx.emoji2:emoji2:1.2.0] AndroidManifest.xml:31:17-49
124            <meta-data
124-->[androidx.lifecycle:lifecycle-process:2.4.1] AndroidManifest.xml:31:13-33:52
125                android:name="androidx.lifecycle.ProcessLifecycleInitializer"
125-->[androidx.lifecycle:lifecycle-process:2.4.1] AndroidManifest.xml:32:17-78
126                android:value="androidx.startup" />
126-->[androidx.lifecycle:lifecycle-process:2.4.1] AndroidManifest.xml:33:17-49
127        </provider>
128    </application>
129
130</manifest>